Determining if the pthread_create exist failed with the following output:
Change Dir: /home/gaurav/agv_ros/build/CMakeFiles/CMakeTmp

Run Build Command:"/usr/bin/make" "cmTC_d502a/fast"
/usr/bin/make -f CMakeFiles/cmTC_d502a.dir/build.make CMakeFiles/cmTC_d502a.dir/build
make[1]: Entering directory '/home/gaurav/agv_ros/build/CMakeFiles/CMakeTmp'
Building C object CMakeFiles/cmTC_d502a.dir/CheckSymbolExists.c.o
/usr/bin/cc     -o CMakeFiles/cmTC_d502a.dir/CheckSymbolExists.c.o   -c /home/gaurav/agv_ros/build/CMakeFiles/CMakeTmp/CheckSymbolExists.c
Linking C executable cmTC_d502a
/usr/bin/cmake -E cmake_link_script CMakeFiles/cmTC_d502a.dir/link.txt --verbose=1
/usr/bin/cc       CMakeFiles/cmTC_d502a.dir/CheckSymbolExists.c.o  -o cmTC_d502a -rdynamic 
CMakeFiles/cmTC_d502a.dir/CheckSymbolExists.c.o: In function `main':
CheckSymbolExists.c:(.text+0x16): undefined reference to `pthread_create'
collect2: error: ld returned 1 exit status
CMakeFiles/cmTC_d502a.dir/build.make:97: recipe for target 'cmTC_d502a' failed
make[1]: *** [cmTC_d502a] Error 1
make[1]: Leaving directory '/home/gaurav/agv_ros/build/CMakeFiles/CMakeTmp'
Makefile:126: recipe for target 'cmTC_d502a/fast' failed
make: *** [cmTC_d502a/fast] Error 2

File /home/gaurav/agv_ros/build/CMakeFiles/CMakeTmp/CheckSymbolExists.c:
/* */
#include <pthread.h>

int main(int argc, char** argv)
{
  (void)argv;
#ifndef pthread_create
  return ((int*)(&pthread_create))[argc];
#else
  (void)argc;
  return 0;
#endif
}

Determining if the function pthread_create exists in the pthreads failed with the following output:
Change Dir: /home/gaurav/agv_ros/build/CMakeFiles/CMakeTmp

Run Build Command:"/usr/bin/make" "cmTC_efba9/fast"
/usr/bin/make -f CMakeFiles/cmTC_efba9.dir/build.make CMakeFiles/cmTC_efba9.dir/build
make[1]: Entering directory '/home/gaurav/agv_ros/build/CMakeFiles/CMakeTmp'
Building C object CMakeFiles/cmTC_efba9.dir/CheckFunctionExists.c.o
/usr/bin/cc    -DCHECK_FUNCTION_EXISTS=pthread_create   -o CMakeFiles/cmTC_efba9.dir/CheckFunctionExists.c.o   -c /usr/share/cmake-3.5/Modules/CheckFunctionExists.c
Linking C executable cmTC_efba9
/usr/bin/cmake -E cmake_link_script CMakeFiles/cmTC_efba9.dir/link.txt --verbose=1
/usr/bin/cc   -DCHECK_FUNCTION_EXISTS=pthread_create    CMakeFiles/cmTC_efba9.dir/CheckFunctionExists.c.o  -o cmTC_efba9 -rdynamic -lpthreads 
/usr/bin/ld: cannot find -lpthreads
collect2: error: ld returned 1 exit status
CMakeFiles/cmTC_efba9.dir/build.make:97: recipe for target 'cmTC_efba9' failed
make[1]: *** [cmTC_efba9] Error 1
make[1]: Leaving directory '/home/gaurav/agv_ros/build/CMakeFiles/CMakeTmp'
Makefile:126: recipe for target 'cmTC_efba9/fast' failed
make: *** [cmTC_efba9/fast] Error 2


